2026-06-10 12:47:50,535 [INFO] quant: [predictor] 开始分析 sh600519
2026-06-10 12:47:50,540 [ERROR] quant: [merger] kline_daily 采集超时或异常: module 'mootdx.consts' has no attribute 'KLINE_TYPE_DAILY'
2026-06-10 12:47:50,699 [WARNING] quant: [research] 第1次重试...
2026-06-10 12:47:50,761 [WARNING] quant: [announcement] 采集失败(attempt 1): 'NoneType' object is not subscriptable
2026-06-10 12:47:50,761 [WARNING] quant: [announcement] 第1次重试...
2026-06-10 12:47:51,068 [ERROR] quant: [news] akshare新闻获取失败: Invalid regular expression: invalid escape sequence: \u
2026-06-10 12:47:51,122 [WARNING] quant: [fundamental] akshare 个股信息获取失败: ('Connection aborted.', RemoteDisconnected('Remote end closed connection without response'))
2026-06-10 12:47:51,767 [WARNING] quant: [research] 第2次重试...
2026-06-10 12:47:51,894 [WARNING] quant: [announcement] 采集失败(attempt 2): 'NoneType' object is not subscriptable
2026-06-10 12:47:51,894 [WARNING] quant: [announcement] 第2次重试...
2026-06-10 12:47:53,861 [INFO] quant: [research] 主源失败，切换到备用源...
2026-06-10 12:47:54,038 [WARNING] quant: [announcement] 采集失败(attempt 3): 'NoneType' object is not subscriptable
2026-06-10 12:47:54,038 [INFO] quant: [announcement] 主源失败，切换到备用源...
2026-06-10 12:49:00,240 [WARNING] quant: [market] mootdx 连接失败: 'StdQuotes' object has no attribute 'stocklist'，将使用腾讯财经作为主源
2026-06-10 12:49:00,364 [INFO] quant: [merger] sh600519 数据采集完成, 耗时 69.8s, 完整度 50%
2026-06-10 12:55:12,301 [INFO] quant: [predictor] 开始分析 sh600519
2026-06-10 12:55:12,461 [WARNING] quant: [research] 第1次重试...
2026-06-10 12:55:12,708 [WARNING] quant: [fundamental] akshare 个股信息获取失败: ('Connection aborted.', RemoteDisconnected('Remote end closed connection without response'))
2026-06-10 12:55:13,603 [WARNING] quant: [research] 第2次重试...
2026-06-10 12:55:15,704 [INFO] quant: [research] 主源失败，切换到备用源...
2026-06-10 12:56:23,598 [INFO] quant: [market] mootdx 连接成功
2026-06-10 12:56:23,698 [INFO] quant: [market] mootdx 连接成功
2026-06-10 12:56:23,698 [WARNING] quant: [market] 第1次重试...
2026-06-10 12:56:24,699 [WARNING] quant: [market] 第2次重试...
2026-06-10 12:56:26,699 [INFO] quant: [market] 主源失败，切换到备用源...
2026-06-10 12:56:26,808 [INFO] quant: [merger] sh600519 数据采集完成, 耗时 74.5s, 完整度 83%
2026-06-10 13:35:25,144 [INFO] quant: [predictor] 开始分析 sh600519
2026-06-10 13:35:25,307 [WARNING] quant: [research] 第1次重试...
2026-06-10 13:35:25,681 [WARNING] quant: [fundamental] akshare 个股信息获取失败: ('Connection aborted.', RemoteDisconnected('Remote end closed connection without response'))
2026-06-10 13:35:26,418 [WARNING] quant: [research] 第2次重试...
2026-06-10 13:35:28,561 [INFO] quant: [research] 主源失败，切换到备用源...
2026-06-10 13:36:36,345 [INFO] quant: [market] mootdx 连接成功
2026-06-10 13:36:37,035 [INFO] quant: [market] mootdx 连接成功
2026-06-10 13:36:37,036 [WARNING] quant: [market] 第1次重试...
2026-06-10 13:36:38,036 [WARNING] quant: [market] 第2次重试...
2026-06-10 13:36:40,037 [INFO] quant: [market] 主源失败，切换到备用源...
2026-06-10 13:36:40,164 [INFO] quant: [merger] sh600519 数据采集完成, 耗时 75.0s, 完整度 83%
2026-06-10 13:41:54,619 [INFO] quant: [predictor] 开始分析 
2026-06-10 13:41:54,784 [WARNING] quant: [research] 第1次重试...
2026-06-10 13:41:55,097 [WARNING] quant: [fundamental] akshare 财务指标获取失败: 'NoneType' object has no attribute 'string'
2026-06-10 13:41:55,136 [WARNING] quant: [fundamental] akshare 个股信息获取失败: ('Connection aborted.', RemoteDisconnected('Remote end closed connection without response'))
2026-06-10 13:41:56,156 [WARNING] quant: [research] 第2次重试...
2026-06-10 13:41:58,402 [INFO] quant: [research] 主源失败，切换到备用源...
